{"C:\\Users\\xisar\\js_6310_labs\\lab4-node\\solutions\\student-10\\src\\utils\\index.js": {"path":"C:\\Users\\xisar\\js_6310_labs\\lab4-node\\solutions\\student-10\\src\\utils\\index.js","statementMap":{"0":{"start":{"line":2,"column":28},"end":{"line":2,"column":41}},"1":{"start":{"line":3,"column":33},"end":{"line":3,"column":46}}},"fnMap":{"0":{"name":"sum","decl":{"start":{"line":2,"column":16},"end":{"line":2,"column":19}},"loc":{"start":{"line":2,"column":26},"end":{"line":2,"column":43}},"line":2},"1":{"name":"multiply","decl":{"start":{"line":3,"column":16},"end":{"line":3,"column":24}},"loc":{"start":{"line":3,"column":31},"end":{"line":3,"column":48}},"line":3}},"branchMap":{},"s":{"0":1,"1":1},"f":{"0":1,"1":1},"b":{},"inputSourceMap":null,"_coverageSchema":"1a1c01bbd47fc00a2c39e90264f33305004495a9","hash":"fb2edfb29bf4ecde7121b85c716d30d49fa70ca5"}
}
